0 info it worked if it ends with ok
1 verbose cli [ 'C:\\Utils\\nodejs\\\\node.exe',
1 verbose cli   'C:\\Utils\\nodejs\\node_modules\\npm\\bin\\npm-cli.js',
1 verbose cli   'publish' ]
2 info using npm@1.4.28
3 info using node@v0.10.32
4 verbose node symlink C:\Utils\nodejs\\node.exe
5 verbose publish [ '.' ]
6 verbose cache add [ '.', null ]
7 verbose cache add name=undefined spec="." args=[".",null]
8 verbose parsed url { protocol: null,
8 verbose parsed url   slashes: null,
8 verbose parsed url   auth: null,
8 verbose parsed url   host: null,
8 verbose parsed url   port: null,
8 verbose parsed url   hostname: null,
8 verbose parsed url   hash: null,
8 verbose parsed url   search: null,
8 verbose parsed url   query: null,
8 verbose parsed url   pathname: '.',
8 verbose parsed url   path: '.',
8 verbose parsed url   href: '.' }
9 silly lockFile 3a52ce78- .
10 verbose lock . C:\Users\ericb\AppData\Roaming\npm-cache\3a52ce78-.lock
11 verbose tar pack [ 'C:\\Users\\ericb\\AppData\\Roaming\\npm-cache\\grunt-resxtojson\\0.1.0\\package.tgz',
11 verbose tar pack   '.' ]
12 verbose tarball C:\Users\ericb\AppData\Roaming\npm-cache\grunt-resxtojson\0.1.0\package.tgz
13 verbose folder .
14 info prepublish grunt-resxtojson@0.1.0
15 silly lockFile 1f1177db-tar tar://.
16 verbose lock tar://. C:\Users\ericb\AppData\Roaming\npm-cache\1f1177db-tar.lock
17 silly lockFile 682895a5-runt-resxtojson-0-1-0-package-tgz tar://C:\Users\ericb\AppData\Roaming\npm-cache\grunt-resxtojson\0.1.0\package.tgz
18 verbose lock tar://C:\Users\ericb\AppData\Roaming\npm-cache\grunt-resxtojson\0.1.0\package.tgz C:\Users\ericb\AppData\Roaming\npm-cache\682895a5-runt-resxtojson-0-1-0-package-tgz.lock
19 silly lockFile 1f1177db-tar tar://.
20 silly lockFile 1f1177db-tar tar://.
21 silly lockFile 682895a5-runt-resxtojson-0-1-0-package-tgz tar://C:\Users\ericb\AppData\Roaming\npm-cache\grunt-resxtojson\0.1.0\package.tgz
22 silly lockFile 682895a5-runt-resxtojson-0-1-0-package-tgz tar://C:\Users\ericb\AppData\Roaming\npm-cache\grunt-resxtojson\0.1.0\package.tgz
23 silly lockFile 160d2daa-he-grunt-resxtojson-0-1-0-package C:\Users\ericb\AppData\Roaming\npm-cache\grunt-resxtojson\0.1.0\package
24 verbose lock C:\Users\ericb\AppData\Roaming\npm-cache\grunt-resxtojson\0.1.0\package C:\Users\ericb\AppData\Roaming\npm-cache\160d2daa-he-grunt-resxtojson-0-1-0-package.lock
25 silly lockFile 160d2daa-he-grunt-resxtojson-0-1-0-package C:\Users\ericb\AppData\Roaming\npm-cache\grunt-resxtojson\0.1.0\package
26 silly lockFile 160d2daa-he-grunt-resxtojson-0-1-0-package C:\Users\ericb\AppData\Roaming\npm-cache\grunt-resxtojson\0.1.0\package
27 silly lockFile 3a52ce78- .
28 silly lockFile 3a52ce78- .
29 silly publish { name: 'grunt-resxtojson',
29 silly publish   description: 'Convert resx files to JSON.',
29 silly publish   version: '0.1.0',
29 silly publish   homepage: 'https://github.com/ericb81/grunt-resxtojson',
29 silly publish   author: { name: 'Eric Beragg', email: 'eric.beragg@gmail.com' },
29 silly publish   repository:
29 silly publish    { type: 'git',
29 silly publish      url: 'git://github.com/ericb81/grunt-resxtojson.git' },
29 silly publish   bugs: { url: 'https://github.com/ericb81/grunt-resxtojson/issues' },
29 silly publish   licenses:
29 silly publish    [ { type: 'MIT',
29 silly publish        url: 'https://github.com/ericb81/grunt-resxtojson/blob/master/LICENSE-MIT' } ],
29 silly publish   engines: { node: '>= 0.8.0' },
29 silly publish   scripts: { test: 'grunt test' },
29 silly publish   devDependencies:
29 silly publish    { grunt: '~0.4.5',
29 silly publish      'grunt-contrib-clean': '^0.5.0',
29 silly publish      'grunt-contrib-jshint': '^0.9.2',
29 silly publish      'grunt-contrib-nodeunit': '^0.3.3',
29 silly publish      xmldoc: '^0.1.2' },
29 silly publish   peerDependencies: { grunt: '~0.4.5' },
29 silly publish   keywords: [ 'gruntplugin' ],
29 silly publish   readme: '# grunt-resxtojson\n\n> Convert resx files to JavaScript objects.\n\n## Getting Started\nThis plugin requires Grunt `~0.4.5`\n\nIf you haven\'t used [Grunt](http://gruntjs.com/) before, be sure to check out the [Getting Started](http://gruntjs.com/getting-started) guide, as it explains how to create a [Gruntfile](http://gruntjs.com/sample-gruntfile) as well as install and use Grunt plugins. Once you\'re familiar with that process, you may install this plugin with this command:\n\n```shell\nnpm install grunt-resxtojson --save-dev\n```\n\nOnce the plugin has been installed, it may be enabled inside your Gruntfile with this line of JavaScript:\n\n```js\ngrunt.loadNpmTasks(\'grunt-resxtojson\');\n```\n\n## The "resxtojson" task\n\n### Overview\nIn your project\'s Gruntfile, add a section named `resxtojson` to the data object passed into `grunt.initConfig()`.\n\n```js\ngrunt.initConfig({\n  resxtojson: {\n    options: {\n      // Task-specific options go here.\n    },\n    your_target: {\n      // Target-specific file lists and/or options go here.\n    },\n  },\n});\n```\n\n### Options\n\n#### options.separator\nType: `String`\nDefault value: `\',  \'`\n\nA string value that is used to do something with whatever.\n\n#### options.punctuation\nType: `String`\nDefault value: `\'.\'`\n\nA string value that is used to do something else with whatever else.\n\n### Usage Examples\n\n#### Default Options\nIn this example, the default options are used to do something with whatever. So if the `testing` file has the content `Testing` and the `123` file had the content `1 2 3`, the generated result would be `Testing, 1 2 3.`\n\n```js\ngrunt.initConfig({\n  resxtojson: {\n    options: {},\n    files: {\n      \'dest/default_options\': [\'src/testing\', \'src/123\'],\n    },\n  },\n});\n```\n\n#### Custom Options\nIn this example, custom options are used to do something else with whatever else. So if the `testing` file has the content `Testing` and the `123` file had the content `1 2 3`, the generated result in this case would be `Testing: 1 2 3 !!!`\n\n```js\ngrunt.initConfig({\n  resxtojson: {\n    options: {\n      separator: \': \',\n      punctuation: \' !!!\',\n    },\n    files: {\n      \'dest/default_options\': [\'src/testing\', \'src/123\'],\n    },\n  },\n});\n```\n\n## Contributing\nIn lieu of a formal styleguide, take care to maintain the existing coding style. Add unit tests for any new or changed functionality. Lint and test your code using [Grunt](http://gruntjs.com/).\n\n## Release History\n_(Nothing yet)_\n',
29 silly publish   readmeFilename: 'README.md',
29 silly publish   _id: 'grunt-resxtojson@0.1.0',
29 silly publish   _shasum: 'b66e2754b054118f9c058cb44711da61b3149f4d',
29 silly publish   _from: '.' }
30 verbose request where is /grunt-resxtojson
31 verbose request registry https://registry.npmjs.org/
32 verbose request id 6a1eb296e76d46ba
33 verbose url raw /grunt-resxtojson
34 verbose url resolving [ 'https://registry.npmjs.org/', './grunt-resxtojson' ]
35 verbose url resolved https://registry.npmjs.org/grunt-resxtojson
36 verbose request where is https://registry.npmjs.org/grunt-resxtojson
37 info trying registry request attempt 1 at 16:32:54
38 http PUT https://registry.npmjs.org/grunt-resxtojson
39 http 403 https://registry.npmjs.org/grunt-resxtojson
40 verbose headers { date: 'Wed, 08 Oct 2014 14:33:29 GMT',
40 verbose headers   server: 'CouchDB/1.5.0 (Erlang OTP/R16B03)',
40 verbose headers   'content-type': 'application/json',
40 verbose headers   'cache-control': 'max-age=60',
40 verbose headers   'content-length': '5802',
40 verbose headers   'accept-ranges': 'bytes',
40 verbose headers   via: '1.1 varnish',
40 verbose headers   'x-served-by': 'cache-fra1220-FRA',
40 verbose headers   'x-cache': 'MISS',
40 verbose headers   'x-cache-hits': '0',
40 verbose headers   'x-timer': 'S1412778809.409497,VS0,VE338',
40 verbose headers   'keep-alive': 'timeout=10, max=50',
40 verbose headers   connection: 'Keep-Alive' }
41 error publish Failed PUT 403
42 error Error: forbidden cannot modify pre-existing version: 0.1.0
42 error old={"name":"grunt-resxtojson","description":"Changing resx files to json","version":"0.1.0","homepage":"https://github.com/Alex-Seville/grunt-resxtojson","author":{"name":"Alex Seville","url":"http://blog.alexanderseville.com"},"repository":{"type":"git","url":"git://github.com/Alex-Seville/grunt-resxtojson.git"},"bugs":{"url":"https://github.com/Alex-Seville/grunt-resxtojson/issues"},"licenses":[{"type":"MIT","url":"https://github.com/Alex-Seville/grunt-resxtojson/LICENSE-MIT"}],"main":"grunt.js","bin":{"grunt-resxtojson":"bin/grunt-resxtojson"},"engines":{"node":"*"},"scripts":{"test":"grunt test"},"dependencies":{"grunt":"~0.3.9","xml2js":"~0.1.14","underscore":"~1.3.3","xtend":"~1.0.3"},"devDependencies":{"grunt":"~0.3.9","xml2js":"~0.1.14","underscore":"~1.3.3","xtend":"~1.0.3"},"keywords":["gruntplugin","resx","json"],"_npmUser":{"name":"AlexSeville","email":"hi@alexanderseville.com"},"_id":"grunt-resxtojson@0.1.0","optionalDependencies":{},"_engineSupported":true,"_npmVersion":"1.1.0-3","_nodeVersion":"v0.6.10","_defaultsLoaded":true,"dist":{"shasum":"ea438efc3658fb02ee6e2c3bac447e2ec8a3339a","tarball":"http://registry.npmjs.org/grunt-resxtojson/-/grunt-resxtojson-0.1.0.tgz"},"maintainers":[{"name":"AlexSeville","email":"hi@alexanderseville.com"}]}
42 error new={"name":"grunt-resxtojson","description":"Convert resx files to JSON.","version":"0.1.0","homepage":"https://github.com/ericb81/grunt-resxtojson","author":{"name":"Eric Beragg","email":"eric.beragg@gmail.com"},"repository":{"type":"git","url":"git://github.com/ericb81/grunt-resxtojson.git"},"bugs":{"url":"https://github.com/ericb81/grunt-resxtojson/issues"},"licenses":[{"type":"MIT","url":"https://github.com/ericb81/grunt-resxtojson/blob/master/LICENSE-MIT"}],"engines":{"node":">= 0.8.0"},"scripts":{"test":"grunt test"},"devDependencies":{"grunt":"~0.4.5","grunt-contrib-clean":"^0.5.0","grunt-contrib-jshint":"^0.9.2","grunt-contrib-nodeunit":"^0.3.3","xmldoc":"^0.1.2"},"peerDependencies":{"grunt":"~0.4.5"},"keywords":["gruntplugin"],"readme":"# grunt-resxtojson\u000a\u000a> Convert resx files to JavaScript objects.\u000a\u000a## Getting Started\u000aThis plugin requires Grunt `~0.4.5`\u000a\u000aIf you haven't used [Grunt](http://gruntjs.com/) before, be sure to check out the [Getting Started](http://gruntjs.com/getting-started) guide, as it explains how to create a [Gruntfile](http://gruntjs.com/sample-gruntfile) as well as install and use Grunt plugins. Once you're familiar with that process, you may install this plugin with this command:\u000a\u000a```shell\u000anpm install grunt-resxtojson --save-dev\u000a```\u000a\u000aOnce the plugin has been installed, it may be enabled inside your Gruntfile with this line of JavaScript:\u000a\u000a```js\u000agrunt.loadNpmTasks('grunt-resxtojson');\u000a```\u000a\u000a## The \"resxtojson\" task\u000a\u000a### Overview\u000aIn your project's Gruntfile, add a section named `resxtojson` to the data object passed into `grunt.initConfig()`.\u000a\u000a```js\u000agrunt.initConfig({\u000a  resxtojson: {\u000a    options: {\u000a      // Task-specific options go here.\u000a    },\u000a    your_target: {\u000a      // Target-specific file lists and/or options go here.\u000a    },\u000a  },\u000a});\u000a```\u000a\u000a### Options\u000a\u000a#### options.separator\u000aType: `String`\u000aDefault value: `',  '`\u000a\u000aA string value that is used to do something with whatever.\u000a\u000a#### options.punctuation\u000aType: `String`\u000aDefault value: `'.'`\u000a\u000aA string value that is used to do something else with whatever else.\u000a\u000a### Usage Examples\u000a\u000a#### Default Options\u000aIn this example, the default options are used to do something with whatever. So if the `testing` file has the content `Testing` and the `123` file had the content `1 2 3`, the generated result would be `Testing, 1 2 3.`\u000a\u000a```js\u000agrunt.initConfig({\u000a  resxtojson: {\u000a    options: {},\u000a    files: {\u000a      'dest/default_options': ['src/testing', 'src/123'],\u000a    },\u000a  },\u000a});\u000a```\u000a\u000a#### Custom Options\u000aIn this example, custom options are used to do something else with whatever else. So if the `testing` file has the content `Testing` and the `123` file had the content `1 2 3`, the generated result in this case would be `Testing: 1 2 3 !!!`\u000a\u000a```js\u000agrunt.initConfig({\u000a  resxtojson: {\u000a    options: {\u000a      separator: ': ',\u000a      punctuation: ' !!!',\u000a    },\u000a    files: {\u000a      'dest/default_options': ['src/testing', 'src/123'],\u000a    },\u000a  },\u000a});\u000a```\u000a\u000a## Contributing\u000aIn lieu of a formal styleguide, take care to maintain the existing coding style. Add unit tests for any new or changed functionality. Lint and test your code using [Grunt](http://gruntjs.com/).\u000a\u000a## Release History\u000a_(Nothing yet)_\u000a","readmeFilename":"README.md","_id":"grunt-resxtojson@0.1.0","_shasum":"b66e2754b054118f9c058cb44711da61b3149f4d","_from":".","_npmVersion":"1.4.28","_npmUser":{"name":"ericb81","email":"eric.beragg@gmail.com"},"maintainers":[{"name":"ericb81","email":"eric.beragg@gmail.com"}],"dist":{"shasum":"b66e2754b054118f9c058cb44711da61b3149f4d","tarball":"http://registry.npmjs.org/grunt-resxtojson/-/grunt-resxtojson-0.1.0.tgz"}}: grunt-resxtojson
42 error     at RegClient.<anonymous> (C:\Utils\nodejs\node_modules\npm\node_modules\npm-registry-client\lib\request.js:308:14)
42 error     at Request._callback (C:\Utils\nodejs\node_modules\npm\node_modules\npm-registry-client\lib\request.js:246:65)
42 error     at Request.self.callback (C:\Utils\nodejs\node_modules\npm\node_modules\request\request.js:236:22)
42 error     at Request.emit (events.js:98:17)
42 error     at Request.<anonymous> (C:\Utils\nodejs\node_modules\npm\node_modules\request\request.js:1142:14)
42 error     at Request.emit (events.js:117:20)
42 error     at IncomingMessage.<anonymous> (C:\Utils\nodejs\node_modules\npm\node_modules\request\request.js:1096:12)
42 error     at IncomingMessage.emit (events.js:117:20)
42 error     at _stream_readable.js:943:16
42 error     at process._tickCallback (node.js:419:13)
43 error If you need help, you may report this *entire* log,
43 error including the npm and node versions, at:
43 error     <http://github.com/npm/npm/issues>
44 error System Windows_NT 6.1.7601
45 error command "C:\\Utils\\nodejs\\\\node.exe" "C:\\Utils\\nodejs\\node_modules\\npm\\bin\\npm-cli.js" "publish"
46 error cwd D:\Code\grunt-resx2js
47 error node -v v0.10.32
48 error npm -v 1.4.28
49 verbose exit [ 1, true ]
